Update Managed Component * From CMP-024-000000-2[ESP32-S3-WROOM-2] To CMP-024-000000-2[ESP32-S3-WROOM-2] in Base Station.SchDoc
Update Managed Component ? From CMP-001-00085-1[860020672011] To CMP-001-00085-1[860020672011] in Base Station.SchDoc
Update Managed Component C? From CMP-001-00083-1[Cap] To CMP-001-00083-1[Cap] in Base Station.SchDoc
Update Managed Component C? From CMP-001-00083-1[Cap] To CMP-001-00083-1[Cap] in Base Station.SchDoc
Update Managed Component C? From CMP-001-00083-1[Cap] To CMP-001-00083-1[Cap] in Base Station.SchDoc
Update Managed Component C? From CMP-001-00083-1[Cap] To CMP-001-00083-1[Cap] in Base Station.SchDoc
Update Managed Component C? From CMP-001-00083-1[Cap] To CMP-001-00083-1[Cap] in Base Station.SchDoc
Update Managed Component C? From CMP-001-00083-1[Cap] To CMP-001-00083-1[Cap] in Base Station.SchDoc
Update Managed Component C? From CMP-001-00083-1[Cap] To CMP-001-00083-1[Cap] in Base Station.SchDoc
Update Managed Component C? From CMP-001-00083-1[Cap] To CMP-001-00083-1[Cap] in Base Station.SchDoc
Update Managed Component C? From CMP-001-00083-1[Cap] To CMP-001-00083-1[Cap] in Base Station.SchDoc
Update Managed Component D? From CMP-004-00032-2[150080VS75000] To CMP-004-00032-2[150080VS75000] in Base Station.SchDoc
Update Managed Component D? From CMP-004-00032-2[150080VS75000] To CMP-004-00032-2[150080VS75000] in Base Station.SchDoc
Update Managed Component J? From CMP-002-00077-2[E5908-0T0343-L] To CMP-002-00077-2[E5908-0T0343-L] in Base Station.SchDoc
Update Managed Component R? From CMP-005-00014-1[100] To CMP-005-00014-1[RES1_1] in Base Station.SchDoc
Update Managed Component R? From CMP-005-00014-1[100k] To CMP-005-00014-1[RES1_1] in Base Station.SchDoc
Update Managed Component R? From CMP-005-00014-1[4.7k] To CMP-005-00014-1[RES1_1] in Base Station.SchDoc
Update Managed Component R? From CMP-005-00014-1[100] To CMP-005-00014-1[RES1_1] in Base Station.SchDoc
Update Managed Component R? From CMP-005-00014-1[1.5k] To CMP-005-00014-1[RES1_1] in Base Station.SchDoc
Update Managed Component R? From CMP-005-00014-1[1.5k] To CMP-005-00014-1[RES1_1] in Base Station.SchDoc
Update Managed Component R? From CMP-005-00014-1[10k] To CMP-005-00014-1[RES1_1] in Base Station.SchDoc
Update Managed Component R? From CMP-005-00014-1[10k] To CMP-005-00014-1[RES1_1] in Base Station.SchDoc
Update Managed Component S? From CMP-011-00013-2[PTS647SN50SMTR2LFS] To CMP-011-00013-2[PTS647SN50SMTR2LFS] in Base Station.SchDoc
Update Managed Component S? From CMP-011-00013-2[PTS647SN50SMTR2LFS] To CMP-011-00013-2[PTS647SN50SMTR2LFS] in Base Station.SchDoc
Update Managed Component U? From CMP-015-00008-2[MCP2551-I/SN] To CMP-015-00008-2[MCP2551-I/SN] in Base Station.SchDoc
Update Managed Component U? From CMP-019-00050-2[TR10S05] To CMP-019-00050-2[TR10S05] in Base Station.SchDoc
Update Managed Component U? From CMP-019-00049-4[AP2112K-3.3TRG1] To CMP-019-00049-4[AP2112K-3.3TRG1] in Base Station.SchDoc
