Removed Pin From Net: NetName=GPIO14/ADC2_3 Pin=J3-3
Removed Pin From Net: NetName=GPIO13/ADC2_2 Pin=J3-4
Removed Pin From Net: NetName=GPIO10/ADC1_9 Pin=J4-1
Removed Pin From Net: NetName=GPIO11/ADC2_0 Pin=J5-1
Removed Pin From Net: NetName=GPIO9/ADC1_8 Pin=J6-2
Removed Pin From Net: NetName=GPIO12/ADC2_1 Pin=J9-1
Removed Pin From Net: NetName=GPIO47 Pin=R11-2
Removed Pin From Net: NetName=GPIO21 Pin=R12-2
Removed Pin From Net: NetName=GPIO47 Pin=U5-5
Removed Pin From Net: NetName=GPIO21 Pin=U5-6
Added Pin To Net: NetName=GPIO21 Pin=J3-3
Added Pin To Net: NetName=GPIO47 Pin=J3-4
Added Pin To Net: NetName=GPIO12/ADC2_1 Pin=J4-1
Added Pin To Net: NetName=GPIO13/ADC2_2 Pin=J5-1
Added Pin To Net: NetName=GPIO11/ADC2_0 Pin=J6-2
Added Pin To Net: NetName=GPIO14/ADC2_3 Pin=J9-1
Added Pin To Net: NetName=GPIO10/ADC1_9 Pin=R11-2
Added Pin To Net: NetName=GPIO9/ADC1_8 Pin=R12-2
Added Pin To Net: NetName=GPIO10/ADC1_9 Pin=U5-5
Added Pin To Net: NetName=GPIO9/ADC1_8 Pin=U5-6
