Removed Pin From Net: NetName=Butt0 Pin=J1-4
Removed Pin From Net: NetName=Butt1 Pin=J1-5
Removed Pin From Net: NetName=Buzzer Pin=J1-6
Removed Pin From Net: NetName=Neo0 Pin=J1-7
Removed Pin From Net: NetName=SD_CD Pin=J1-8
Removed Pin From Net: NetName=SD_DAT1 Pin=J1-9
Removed Pin From Net: NetName=SD_DAT0 Pin=J1-10
Removed Pin From Net: NetName=SD_CLK Pin=J1-11
Removed Pin From Net: NetName=SD_CMD Pin=J1-12
Removed Pin From Net: NetName=SD_DAT3_CD Pin=J1-13
Removed Pin From Net: NetName=SD_DAT2 Pin=J1-14
Removed Pin From Net: NetName=CAN_TX Pin=J1-26
Removed Pin From Net: NetName=CAN_RX Pin=J1-31
Removed Pin From Net: NetName=SCL0 Pin=J1-32
Removed Pin From Net: NetName=SDA0 Pin=J1-33
Removed Pin From Net: NetName=SDA1 Pin=J1-34
Removed Pin From Net: NetName=SCL1 Pin=J1-35
Removed Pin From Net: NetName=CAN_ERR Pin=J1-38
Removed Pin From Net: NetName=CAN_EN Pin=J1-39
Removed Pin From Net: NetName=SDA0 Pin=J3-3
Removed Pin From Net: NetName=SCL0 Pin=J3-4
Removed Pin From Net: NetName=SCL1 Pin=R11-2
Removed Pin From Net: NetName=SDA1 Pin=R12-2
Removed Pin From Net: NetName=SCL1 Pin=U5-5
Removed Pin From Net: NetName=SDA1 Pin=U5-6
Removed Member From Class: ClassName=CAN Bus Network Member=J10
Added Pin To Net: NetName=SDA1 Pin=J3-3
Added Pin To Net: NetName=SCL1 Pin=J3-4
Added Pin To Net: NetName=SCL0 Pin=R11-2
Added Pin To Net: NetName=SDA0 Pin=R12-2
Added Pin To Net: NetName=SCL0 Pin=U5-5
Added Pin To Net: NetName=SDA0 Pin=U5-6
Added Pin To Net: NetName=GPIO1/ADC1_0 Pin=J1-39
Added Net: Name=GPIO1/ADC1_0
Added Pin To Net: NetName=GPIO2/ADC1_1 Pin=J1-38
Added Net: Name=GPIO2/ADC1_1
Added Pin To Net: NetName=GPIO4/ADC1_3 Pin=J1-4
Added Net: Name=GPIO4/ADC1_3
Added Pin To Net: NetName=GPIO5/ADC1_4 Pin=J1-5
Added Net: Name=GPIO5/ADC1_4
Added Pin To Net: NetName=GPIO6/ADC1_5 Pin=J1-6
Added Net: Name=GPIO6/ADC1_5
Added Pin To Net: NetName=GPIO7/ADC1_6 Pin=J1-7
Added Net: Name=GPIO7/ADC1_6
Added Pin To Net: NetName=GPIO8/ADC1_7 Pin=J1-12
Added Net: Name=GPIO8/ADC1_7
Added Pin To Net: NetName=GPIO15 Pin=J1-8
Added Net: Name=GPIO15
Added Pin To Net: NetName=GPIO16 Pin=J1-9
Added Net: Name=GPIO16
Added Pin To Net: NetName=GPIO17 Pin=J1-10
Added Net: Name=GPIO17
Added Pin To Net: NetName=GPIO18 Pin=J1-11
Added Net: Name=GPIO18
Added Pin To Net: NetName=GPIO19 Pin=J1-13
Added Net: Name=GPIO19
Added Pin To Net: NetName=GPIO20 Pin=J1-14
Added Net: Name=GPIO20
Added Pin To Net: NetName=GPIO38 Pin=J1-31
Added Net: Name=GPIO38
Added Pin To Net: NetName=GPIO39 Pin=J1-32
Added Net: Name=GPIO39
Added Pin To Net: NetName=GPIO40 Pin=J1-33
Added Net: Name=GPIO40
Added Pin To Net: NetName=GPIO41 Pin=J1-34
Added Net: Name=GPIO41
Added Pin To Net: NetName=GPIO42 Pin=J1-35
Added Net: Name=GPIO42
Added Pin To Net: NetName=GPIO45 Pin=J1-26
Added Net: Name=GPIO45
Added Member To Class: ClassName=CAN Bus Network Member=Component J12 E5908-0T0343-L
